<?xml version="1.0" encoding="UTF-8"?>
<!-- Generated by org.testng.reporters.JUnitReportReporter -->
<testsuite skipped="0" hostname="DESKTOP-D1233BU" name="com.actitime.test.InvalidLogin1" tests="3" failures="0" timestamp="2021-09-16T13:42:20 IST" time="31.311" errors="0">
  <testcase name="testInvalidLogin" time="8.804" classname="com.actitime.test.InvalidLogin1"/>
  <system-out/>
  <testcase name="testInvalidLogin" time="12.014" classname="com.actitime.test.InvalidLogin1"/>
  <system-out/>
  <testcase name="testInvalidLogin" time="10.493" classname="com.actitime.test.InvalidLogin1"/>
  <system-out/>
</testsuite> <!-- com.actitime.test.InvalidLogin1 -->
