<?xml version="1.0" encoding="UTF-8"?>
<!-- Generated by org.testng.reporters.JUnitReportReporter -->
<testsuite skipped="0" hostname="DESKTOP-D1233BU" name="com.actitime.test.Customer$Module" tests="4" failures="0" timestamp="2021-09-15T09:59:30 IST" time="0.010" errors="0">
  <testcase name="deleteCustomer" time="0.005" classname="com.actitime.test.Customer$Module"/>
  <system-out>
    <![CDATA[deleteCustomer]]>
  </system-out>
  <testcase name="registerCustomer" time="0.000" classname="com.actitime.test.Customer$Module"/>
  <system-out>
    <![CDATA[registerCustomer]]>
  </system-out>
  <testcase name="editCustomer" time="0.000" classname="com.actitime.test.Customer$Module"/>
  <system-out>
    <![CDATA[editCustomer1]]>
  </system-out>
  <testcase name="editCustomer" time="0.005" classname="com.actitime.test.Customer$Module"/>
  <system-out>
    <![CDATA[editCustomer1]]>
  </system-out>
</testsuite> <!-- com.actitime.test.Customer$Module -->
