<?xml version="1.0" encoding="UTF-8"?>
<!-- Generated by org.testng.reporters.JUnitReportReporter -->
<testsuite skipped="0" hostname="DESKTOP-D1233BU" name="com.actitime.test.Cart" tests="3" failures="0" timestamp="2021-09-16T21:32:40 IST" time="0.013" errors="0">
  <testcase name="addToCart" time="0.002" classname="com.actitime.test.Cart"/>
  <system-out/>
  <testcase name="addToCart" time="0.010" classname="com.actitime.test.Cart"/>
  <system-out/>
  <testcase name="addToCart" time="0.001" classname="com.actitime.test.Cart"/>
  <system-out/>
</testsuite> <!-- com.actitime.test.Cart -->
