<?xml version="1.0" encoding="UTF-8"?>
<!-- Generated by org.testng.reporters.JUnitReportReporter -->
<testsuite skipped="0" hostname="DESKTOP-D1233BU" name="com.actitime.test.TestNGClass" tests="1" failures="0" timestamp="2021-09-06T09:40:21 IST" time="0.005" errors="0">
  <testcase name="testDemo" time="0.005" classname="com.actitime.test.TestNGClass"/>
  <system-out>
    <![CDATA[tesing]]>
  </system-out>
</testsuite> <!-- com.actitime.test.TestNGClass -->
