<?xml version="1.0" encoding="UTF-8"?>
<!-- Generated by org.testng.reporters.JUnitReportReporter -->
<testsuite skipped="0" hostname="DESKTOP-D1233BU" name="com.actitime.test.CustomerModule" tests="2" failures="0" timestamp="2021-09-08T06:53:57 IST" time="0.014" errors="0">
  <testcase name="createCustomer" time="0.012" classname="com.actitime.test.CustomerModule"/>
  <system-out>
    <![CDATA[createCustomer]]>
  </system-out>
  <testcase name="deleteCustomer" time="0.002" classname="com.actitime.test.CustomerModule"/>
  <system-out>
    <![CDATA[deleteCustomer]]>
  </system-out>
</testsuite> <!-- com.actitime.test.CustomerModule -->
