<?xml version="1.0" encoding="UTF-8"?>
<!-- Generated by org.testng.reporters.JUnitReportReporter -->
<testsuite skipped="0" hostname="DESKTOP-D1233BU" name="com.actitime.test.InvalidLogin2" tests="3" failures="0" timestamp="2021-09-17T15:40:47 IST" time="50.287" errors="0">
  <testcase name="testInvalidLogin" time="14.284" classname="com.actitime.test.InvalidLogin2"/>
  <system-out/>
  <testcase name="testInvalidLogin" time="20.340" classname="com.actitime.test.InvalidLogin2"/>
  <system-out/>
  <testcase name="testInvalidLogin" time="15.663" classname="com.actitime.test.InvalidLogin2"/>
  <system-out/>
</testsuite> <!-- com.actitime.test.InvalidLogin2 -->
