<?xml version="1.0" encoding="UTF-8"?>
<!-- Generated by org.testng.reporters.JUnitReportReporter -->
<testsuite skipped="0" hostname="DESKTOP-D1233BU" name="com.actitime.test.CustomerModule1" tests="4" failures="0" timestamp="2021-09-08T08:29:29 IST" time="0.016" errors="0">
  <testcase name="deleteCustomer" time="0.009" classname="com.actitime.test.CustomerModule1"/>
  <system-out>
    <![CDATA[deleteCustomer]]>
  </system-out>
  <testcase name="registerCustomer" time="0.002" classname="com.actitime.test.CustomerModule1"/>
  <system-out>
    <![CDATA[registerCustomer]]>
  </system-out>
  <testcase name="editCustomer" time="0.002" classname="com.actitime.test.CustomerModule1"/>
  <system-out>
    <![CDATA[editCustomer]]>
  </system-out>
  <testcase name="editCustomer" time="0.003" classname="com.actitime.test.CustomerModule1"/>
  <system-out>
    <![CDATA[editCustomer]]>
  </system-out>
</testsuite> <!-- com.actitime.test.CustomerModule1 -->
