<?xml version="1.0" encoding="UTF-8"?>
<!-- Generated by org.testng.reporters.JUnitReportReporter -->
<testsuite skipped="0" hostname="DESKTOP-D1233BU" name="com.actitime.test.InvalidLogin" tests="2" failures="0" timestamp="2021-09-16T11:51:47 IST" time="0.010" errors="0">
  <testcase name="testInvalidLogin" time="0.000" classname="com.actitime.test.InvalidLogin"/>
  <system-out/>
  <testcase name="testInvalidLogin" time="0.010" classname="com.actitime.test.InvalidLogin"/>
  <system-out/>
</testsuite> <!-- com.actitime.test.InvalidLogin -->
