<?xml version="1.0" encoding="UTF-8"?>
<!-- Generated by org.testng.reporters.JUnitReportReporter -->
<testsuite skipped="0" hostname="DESKTOP-D1233BU" name="com.actitime.test.Project$Module" tests="4" failures="0" timestamp="2021-09-08T08:35:10 IST" time="0.011" errors="0">
  <testcase name="deleteProject" time="0.005" classname="com.actitime.test.Project$Module"/>
  <system-out>
    <![CDATA[deleteProject]]>
  </system-out>
  <testcase name="registerProject" time="0.002" classname="com.actitime.test.Project$Module"/>
  <system-out>
    <![CDATA[registerProject]]>
  </system-out>
  <testcase name="editProject" time="0.001" classname="com.actitime.test.Project$Module"/>
  <system-out>
    <![CDATA[editProject]]>
  </system-out>
  <testcase name="editProject" time="0.003" classname="com.actitime.test.Project$Module"/>
  <system-out>
    <![CDATA[editProject]]>
  </system-out>
</testsuite> <!-- com.actitime.test.Project$Module -->
