<?xml version="1.0" encoding="UTF-8"?>
<!-- Generated by org.testng.reporters.JUnitReportReporter -->
<testsuite skipped="0" hostname="DESKTOP-D1233BU" name="com.actitime.test.verifyTitle" tests="1" failures="0" timestamp="2021-09-08T09:19:08 IST" time="6.673" errors="0">
  <testcase name="testVerifyTitle" time="6.673" classname="com.actitime.test.verifyTitle"/>
  <system-out/>
</testsuite> <!-- com.actitime.test.verifyTitle -->
